<?xml version="1.0" encoding="UTF-8"?>
<testng-results ignored="0" total="9" passed="9" failed="0" skipped="0">
  <reporter-output>
  </reporter-output>
  <suite started-at="2024-01-11T19:04:08 GMT" name="vendor portal test" finished-at="2024-01-11T19:04:44 GMT" duration-ms="35987">
    <groups>
    </groups>
    <test started-at="2024-01-11T19:04:08 GMT" name="user-sam" finished-at="2024-01-11T19:04:30 GMT" duration-ms="22587">
      <class name="com.example.tests.vendorportal.VendorPortalTest">
        <test-method is-config="true" signature="setup(org.testng.ITestContext)[pri:0, instance:com.example.tests.vendorportal.VendorPortalTest@52e7a6b2]" started-at="2024-01-11T19:04:08 GMT" name="setup" finished-at="2024-01-11T19:04:10 GMT" duration-ms="2180" status="PASS">
          <params>
            <param index="0">
              <value>
                <![CDATA[org.testng.TestRunner@70f02c32]]>
              </value>
            </param>
          </params>
          <reporter-output>
          </reporter-output>
        </test-method> <!-- setup -->
        <test-method is-config="true" signature="setPageObjects(java.lang.String)[pri:0, instance:com.example.tests.vendorportal.VendorPortalTest@52e7a6b2]" started-at="2024-01-11T19:04:10 GMT" name="setPageObjects" finished-at="2024-01-11T19:04:10 GMT" depends-on-methods="com.example.tests.AbstractTest.setup" duration-ms="297" status="PASS">
          <params>
            <param index="0">
              <value>
                <![CDATA[test-data/vendor-portal/sam1.json]]>
              </value>
            </param>
          </params>
          <reporter-output>
          </reporter-output>
        </test-method> <!-- setPageObjects -->
        <test-method signature="loginTest()[pri:0, instance:com.example.tests.vendorportal.VendorPortalTest@52e7a6b2]" started-at="2024-01-11T19:04:10 GMT" name="loginTest" finished-at="2024-01-11T19:04:12 GMT" duration-ms="1759" status="PASS">
          <reporter-output>
          </reporter-output>
        </test-method> <!-- loginTest -->
        <test-method is-config="true" signature="sleep()[pri:0, instance:com.example.tests.vendorportal.VendorPortalTest@52e7a6b2]" started-at="2024-01-11T19:04:12 GMT" name="sleep" finished-at="2024-01-11T19:04:17 GMT" duration-ms="5004" status="PASS">
          <reporter-output>
          </reporter-output>
        </test-method> <!-- sleep -->
        <test-method signature="dashboardTest()[pri:0, instance:com.example.tests.vendorportal.VendorPortalTest@52e7a6b2]" started-at="2024-01-11T19:04:17 GMT" name="dashboardTest" finished-at="2024-01-11T19:04:19 GMT" depends-on-methods="com.example.tests.vendorportal.VendorPortalTest.loginTest" duration-ms="1422" status="PASS">
          <reporter-output>
          </reporter-output>
        </test-method> <!-- dashboardTest -->
        <test-method is-config="true" signature="sleep()[pri:0, instance:com.example.tests.vendorportal.VendorPortalTest@52e7a6b2]" started-at="2024-01-11T19:04:19 GMT" name="sleep" finished-at="2024-01-11T19:04:24 GMT" duration-ms="5000" status="PASS">
          <reporter-output>
          </reporter-output>
        </test-method> <!-- sleep -->
        <test-method signature="logoutTest()[pri:0, instance:com.example.tests.vendorportal.VendorPortalTest@52e7a6b2]" started-at="2024-01-11T19:04:24 GMT" name="logoutTest" finished-at="2024-01-11T19:04:25 GMT" depends-on-methods="com.example.tests.vendorportal.VendorPortalTest.dashboardTest" duration-ms="1709" status="PASS">
          <reporter-output>
          </reporter-output>
        </test-method> <!-- logoutTest -->
        <test-method is-config="true" signature="sleep()[pri:0, instance:com.example.tests.vendorportal.VendorPortalTest@52e7a6b2]" started-at="2024-01-11T19:04:25 GMT" name="sleep" finished-at="2024-01-11T19:04:30 GMT" duration-ms="5001" status="PASS">
          <reporter-output>
          </reporter-output>
        </test-method> <!-- sleep -->
        <test-method is-config="true" signature="quitDriver()[pri:0, instance:com.example.tests.vendorportal.VendorPortalTest@52e7a6b2]" started-at="2024-01-11T19:04:30 GMT" name="quitDriver" finished-at="2024-01-11T19:04:30 GMT" duration-ms="180" status="PASS">
          <reporter-output>
          </reporter-output>
        </test-method> <!-- quitDriver -->
      </class> <!-- com.example.tests.vendorportal.VendorPortalTest -->
    </test> <!-- user-sam -->
    <test started-at="2024-01-11T19:04:08 GMT" name="user-mike" finished-at="2024-01-11T19:04:37 GMT" duration-ms="29427">
      <class name="com.example.tests.vendorportal.VendorPortalTest">
        <test-method is-config="true" signature="setupConfig()[pri:0, instance:com.example.tests.vendorportal.VendorPortalTest@55cf0d14]" started-at="2024-01-11T19:04:08 GMT" name="setupConfig" finished-at="2024-01-11T19:04:08 GMT" duration-ms="17" status="PASS">
          <reporter-output>
          </reporter-output>
        </test-method> <!-- setupConfig -->
        <test-method is-config="true" signature="setup(org.testng.ITestContext)[pri:0, instance:com.example.tests.vendorportal.VendorPortalTest@55cf0d14]" started-at="2024-01-11T19:04:08 GMT" name="setup" finished-at="2024-01-11T19:04:10 GMT" duration-ms="2105" status="PASS">
          <params>
            <param index="0">
              <value>
                <![CDATA[org.testng.TestRunner@51fadaff]]>
              </value>
            </param>
          </params>
          <reporter-output>
          </reporter-output>
        </test-method> <!-- setup -->
        <test-method is-config="true" signature="setPageObjects(java.lang.String)[pri:0, instance:com.example.tests.vendorportal.VendorPortalTest@55cf0d14]" started-at="2024-01-11T19:04:10 GMT" name="setPageObjects" finished-at="2024-01-11T19:04:10 GMT" depends-on-methods="com.example.tests.AbstractTest.setup" duration-ms="372" status="PASS">
          <params>
            <param index="0">
              <value>
                <![CDATA[test-data/vendor-portal/mike.json]]>
              </value>
            </param>
          </params>
          <reporter-output>
          </reporter-output>
        </test-method> <!-- setPageObjects -->
        <test-method signature="loginTest()[pri:0, instance:com.example.tests.vendorportal.VendorPortalTest@55cf0d14]" started-at="2024-01-11T19:04:10 GMT" name="loginTest" finished-at="2024-01-11T19:04:12 GMT" duration-ms="1757" status="PASS">
          <reporter-output>
          </reporter-output>
        </test-method> <!-- loginTest -->
        <test-method is-config="true" signature="sleep()[pri:0, instance:com.example.tests.vendorportal.VendorPortalTest@55cf0d14]" started-at="2024-01-11T19:04:12 GMT" name="sleep" finished-at="2024-01-11T19:04:17 GMT" duration-ms="5001" status="PASS">
          <reporter-output>
          </reporter-output>
        </test-method> <!-- sleep -->
        <test-method signature="dashboardTest()[pri:0, instance:com.example.tests.vendorportal.VendorPortalTest@55cf0d14]" started-at="2024-01-11T19:04:17 GMT" name="dashboardTest" finished-at="2024-01-11T19:04:19 GMT" depends-on-methods="com.example.tests.vendorportal.VendorPortalTest.loginTest" duration-ms="1348" status="PASS">
          <reporter-output>
          </reporter-output>
        </test-method> <!-- dashboardTest -->
        <test-method is-config="true" signature="sleep()[pri:0, instance:com.example.tests.vendorportal.VendorPortalTest@55cf0d14]" started-at="2024-01-11T19:04:19 GMT" name="sleep" finished-at="2024-01-11T19:04:24 GMT" duration-ms="5001" status="PASS">
          <reporter-output>
          </reporter-output>
        </test-method> <!-- sleep -->
        <test-method signature="logoutTest()[pri:0, instance:com.example.tests.vendorportal.VendorPortalTest@55cf0d14]" started-at="2024-01-11T19:04:24 GMT" name="logoutTest" finished-at="2024-01-11T19:04:32 GMT" depends-on-methods="com.example.tests.vendorportal.VendorPortalTest.dashboardTest" duration-ms="8655" status="PASS">
          <reporter-output>
          </reporter-output>
        </test-method> <!-- logoutTest -->
        <test-method is-config="true" signature="sleep()[pri:0, instance:com.example.tests.vendorportal.VendorPortalTest@55cf0d14]" started-at="2024-01-11T19:04:32 GMT" name="sleep" finished-at="2024-01-11T19:04:37 GMT" duration-ms="5000" status="PASS">
          <reporter-output>
          </reporter-output>
        </test-method> <!-- sleep -->
        <test-method is-config="true" signature="quitDriver()[pri:0, instance:com.example.tests.vendorportal.VendorPortalTest@55cf0d14]" started-at="2024-01-11T19:04:37 GMT" name="quitDriver" finished-at="2024-01-11T19:04:37 GMT" duration-ms="149" status="PASS">
          <reporter-output>
          </reporter-output>
        </test-method> <!-- quitDriver -->
      </class> <!-- com.example.tests.vendorportal.VendorPortalTest -->
    </test> <!-- user-mike -->
    <test started-at="2024-01-11T19:04:08 GMT" name="user-john" finished-at="2024-01-11T19:04:44 GMT" duration-ms="35987">
      <class name="com.example.tests.vendorportal.VendorPortalTest">
        <test-method is-config="true" signature="setup(org.testng.ITestContext)[pri:0, instance:com.example.tests.vendorportal.VendorPortalTest@28d18df5]" started-at="2024-01-11T19:04:08 GMT" name="setup" finished-at="2024-01-11T19:04:10 GMT" duration-ms="2081" status="PASS">
          <params>
            <param index="0">
              <value>
                <![CDATA[org.testng.TestRunner@62010f5c]]>
              </value>
            </param>
          </params>
          <reporter-output>
          </reporter-output>
        </test-method> <!-- setup -->
        <test-method is-config="true" signature="setPageObjects(java.lang.String)[pri:0, instance:com.example.tests.vendorportal.VendorPortalTest@28d18df5]" started-at="2024-01-11T19:04:10 GMT" name="setPageObjects" finished-at="2024-01-11T19:04:10 GMT" depends-on-methods="com.example.tests.AbstractTest.setup" duration-ms="395" status="PASS">
          <params>
            <param index="0">
              <value>
                <![CDATA[test-data/vendor-portal/john.json]]>
              </value>
            </param>
          </params>
          <reporter-output>
          </reporter-output>
        </test-method> <!-- setPageObjects -->
        <test-method signature="loginTest()[pri:0, instance:com.example.tests.vendorportal.VendorPortalTest@28d18df5]" started-at="2024-01-11T19:04:10 GMT" name="loginTest" finished-at="2024-01-11T19:04:12 GMT" duration-ms="1787" status="PASS">
          <reporter-output>
          </reporter-output>
        </test-method> <!-- loginTest -->
        <test-method is-config="true" signature="sleep()[pri:0, instance:com.example.tests.vendorportal.VendorPortalTest@28d18df5]" started-at="2024-01-11T19:04:12 GMT" name="sleep" finished-at="2024-01-11T19:04:17 GMT" duration-ms="5000" status="PASS">
          <reporter-output>
          </reporter-output>
        </test-method> <!-- sleep -->
        <test-method signature="dashboardTest()[pri:0, instance:com.example.tests.vendorportal.VendorPortalTest@28d18df5]" started-at="2024-01-11T19:04:17 GMT" name="dashboardTest" finished-at="2024-01-11T19:04:19 GMT" depends-on-methods="com.example.tests.vendorportal.VendorPortalTest.loginTest" duration-ms="1376" status="PASS">
          <reporter-output>
          </reporter-output>
        </test-method> <!-- dashboardTest -->
        <test-method is-config="true" signature="sleep()[pri:0, instance:com.example.tests.vendorportal.VendorPortalTest@28d18df5]" started-at="2024-01-11T19:04:19 GMT" name="sleep" finished-at="2024-01-11T19:04:24 GMT" duration-ms="5000" status="PASS">
          <reporter-output>
          </reporter-output>
        </test-method> <!-- sleep -->
        <test-method signature="logoutTest()[pri:0, instance:com.example.tests.vendorportal.VendorPortalTest@28d18df5]" started-at="2024-01-11T19:04:24 GMT" name="logoutTest" finished-at="2024-01-11T19:04:39 GMT" depends-on-methods="com.example.tests.vendorportal.VendorPortalTest.dashboardTest" duration-ms="14974" status="PASS">
          <reporter-output>
          </reporter-output>
        </test-method> <!-- logoutTest -->
        <test-method is-config="true" signature="sleep()[pri:0, instance:com.example.tests.vendorportal.VendorPortalTest@28d18df5]" started-at="2024-01-11T19:04:39 GMT" name="sleep" finished-at="2024-01-11T19:04:44 GMT" duration-ms="5001" status="PASS">
          <reporter-output>
          </reporter-output>
        </test-method> <!-- sleep -->
        <test-method is-config="true" signature="quitDriver()[pri:0, instance:com.example.tests.vendorportal.VendorPortalTest@28d18df5]" started-at="2024-01-11T19:04:44 GMT" name="quitDriver" finished-at="2024-01-11T19:04:44 GMT" duration-ms="342" status="PASS">
          <reporter-output>
          </reporter-output>
        </test-method> <!-- quitDriver -->
      </class> <!-- com.example.tests.vendorportal.VendorPortalTest -->
    </test> <!-- user-john -->
  </suite> <!-- vendor portal test -->
</testng-results>
